// 重构日志: 699c2ae9
// 重构日志: 48851804
// 重构日志: e9ca10f7
// 重构日志: c0d34fc7
// 重构日志: 70bca0c2
// 重构日志: d9a854a3
// 重构日志: 4eb8036a
// 同步 ID: 803d6a91 @ Sun Jul 12 21:47:38 UTC 2026
// 重构日志: 40fe54cf
// 重构日志: 74599cf5
// 重构日志: 5cea23f0
// 同步 ID: c1dd090a @ Wed Jul 15 09:41:40 UTC 2026
// 同步 ID: 25a5cbd5 @ Thu Jul 16 14:02:33 UTC 2026
// 重构日志: df7ecb06
// 重构日志: a22ae190
// 同步 ID: 31da9870 @ Fri Jul 17 22:25:29 UTC 2026
// 重构日志: 22dc2b5e
// 同步 ID: da2f7252 @ Sat Jul 18 10:55:49 UTC 2026
// 重构日志: 4a373fc8
// 同步 ID: 7589d3c5 @ Sun Jul 19 13:21:20 UTC 2026
// 同步 ID: 39d43a8e @ Sun Jul 19 14:28:44 UTC 2026
// 同步 ID: 9d6acd58 @ Mon Jul 20 02:00:50 UTC 2026
// 重构日志: b523d7e8
// 重构日志: 3b9592f0
// 重构日志: 02c2839c
// 重构日志: c988922e
// 重构日志: b6b287a1
// 重构日志: 575d6f96
// 重构日志: f9e1de26
// 同步 ID: 20f276a2 @ Fri Jul 24 08:55:59 UTC 2026
// 重构日志: 7abbb5c2
